<?xml version="1.0" encoding="UTF-8"?>
<testng-results skipped="0" failed="0" total="1" passed="1">
  <reporter-output>
  </reporter-output>
  <suite name="Default suite" duration-ms="78684" started-at="2020-08-19T18:35:42Z" finished-at="2020-08-19T18:37:01Z">
    <groups>
    </groups>
    <test name="Default test" duration-ms="78684" started-at="2020-08-19T18:35:42Z" finished-at="2020-08-19T18:37:01Z">
      <class name="smoketesting.AssetMenu.SearchAndEditAsset">
        <test-method status="PASS" signature="setUp()[pri:0, instance:smoketesting.AssetMenu.SearchAndEditAsset@7823a2f9]" name="setUp" is-config="true" duration-ms="12130" started-at="2020-08-20T00:05:42Z" finished-at="2020-08-20T00:05:54Z">
          <reporter-output>
          </reporter-output>
        </test-method> <!-- setUp -->
        <test-method status="PASS" signature="searchAndEditAsset()[pri:0, instance:smoketesting.AssetMenu.SearchAndEditAsset@7823a2f9]" name="searchAndEditAsset" duration-ms="66506" started-at="2020-08-20T00:05:54Z" finished-at="2020-08-20T00:07:01Z">
          <reporter-output>
          </reporter-output>
        </test-method> <!-- searchAndEditAsset -->
      </class> <!-- smoketesting.AssetMenu.SearchAndEditAsset -->
    </test> <!-- Default test -->
  </suite> <!-- Default suite -->
</testng-results>
